{"C:\\Users\\omkar\\Downloads\\infinite analytics\\src\\utils\\helpers.js": {"path":"C:\\Users\\omkar\\Downloads\\infinite analytics\\src\\utils\\helpers.js","statementMap":{"0":{"start":{"line":1,"column":26},"end":{"line":2,"column":67}},"1":{"start":{"line":2,"column":2},"end":{"line":2,"column":67}},"2":{"start":{"line":4,"column":30},"end":{"line":8,"column":19}},"3":{"start":{"line":5,"column":2},"end":{"line":8,"column":19}},"4":{"start":{"line":10,"column":26},"end":{"line":15,"column":30}},"5":{"start":{"line":11,"column":2},"end":{"line":15,"column":30}},"6":{"start":{"line":17,"column":30},"end":{"line":22,"column":1}},"7":{"start":{"line":18,"column":14},"end":{"line":18,"column":24}},"8":{"start":{"line":19,"column":14},"end":{"line":19,"column":31}},"9":{"start":{"line":20,"column":15},"end":{"line":20,"column":62}},"10":{"start":{"line":21,"column":2},"end":{"line":21,"column":29}},"11":{"start":{"line":24,"column":25},"end":{"line":27,"column":1}},"12":{"start":{"line":25,"column":2},"end":{"line":25,"column":38}},"13":{"start":{"line":25,"column":25},"end":{"line":25,"column":38}},"14":{"start":{"line":26,"column":2},"end":{"line":26,"column":40}},"15":{"start":{"line":29,"column":34},"end":{"line":30,"column":38}},"16":{"start":{"line":30,"column":2},"end":{"line":30,"column":38}},"17":{"start":{"line":32,"column":33},"end":{"line":33,"column":103}},"18":{"start":{"line":33,"column":2},"end":{"line":33,"column":103}},"19":{"start":{"line":33,"column":37},"end":{"line":33,"column":87}},"20":{"start":{"line":35,"column":28},"end":{"line":36,"column":49}},"21":{"start":{"line":36,"column":2},"end":{"line":36,"column":49}},"22":{"start":{"line":38,"column":30},"end":{"line":39,"column":37}},"23":{"start":{"line":39,"column":2},"end":{"line":39,"column":37}},"24":{"start":{"line":41,"column":33},"end":{"line":55,"column":2}},"25":{"start":{"line":41,"column":40},"end":{"line":55,"column":1}}},"fnMap":{"0":{"name":"(anonymous_0)","decl":{"start":{"line":1,"column":26},"end":{"line":1,"column":27}},"loc":{"start":{"line":2,"column":2},"end":{"line":2,"column":67}},"line":2},"1":{"name":"(anonymous_1)","decl":{"start":{"line":4,"column":30},"end":{"line":4,"column":31}},"loc":{"start":{"line":5,"column":2},"end":{"line":8,"column":19}},"line":5},"2":{"name":"(anonymous_2)","decl":{"start":{"line":10,"column":26},"end":{"line":10,"column":27}},"loc":{"start":{"line":11,"column":2},"end":{"line":15,"column":30}},"line":11},"3":{"name":"(anonymous_3)","decl":{"start":{"line":17,"column":30},"end":{"line":17,"column":31}},"loc":{"start":{"line":17,"column":43},"end":{"line":22,"column":1}},"line":17},"4":{"name":"(anonymous_4)","decl":{"start":{"line":24,"column":25},"end":{"line":24,"column":26}},"loc":{"start":{"line":24,"column":46},"end":{"line":27,"column":1}},"line":24},"5":{"name":"(anonymous_5)","decl":{"start":{"line":29,"column":34},"end":{"line":29,"column":35}},"loc":{"start":{"line":30,"column":2},"end":{"line":30,"column":38}},"line":30},"6":{"name":"(anonymous_6)","decl":{"start":{"line":32,"column":33},"end":{"line":32,"column":34}},"loc":{"start":{"line":33,"column":2},"end":{"line":33,"column":103}},"line":33},"7":{"name":"(anonymous_7)","decl":{"start":{"line":33,"column":22},"end":{"line":33,"column":23}},"loc":{"start":{"line":33,"column":37},"end":{"line":33,"column":87}},"line":33},"8":{"name":"(anonymous_8)","decl":{"start":{"line":35,"column":28},"end":{"line":35,"column":29}},"loc":{"start":{"line":36,"column":2},"end":{"line":36,"column":49}},"line":36},"9":{"name":"(anonymous_9)","decl":{"start":{"line":38,"column":30},"end":{"line":38,"column":31}},"loc":{"start":{"line":39,"column":2},"end":{"line":39,"column":37}},"line":39},"10":{"name":"(anonymous_10)","decl":{"start":{"line":41,"column":33},"end":{"line":41,"column":34}},"loc":{"start":{"line":41,"column":40},"end":{"line":55,"column":1}},"line":41}},"branchMap":{"0":{"loc":{"start":{"line":21,"column":9},"end":{"line":21,"column":28}},"type":"cond-expr","locations":[{"start":{"line":21,"column":20},"end":{"line":21,"column":24}},{"start":{"line":21,"column":27},"end":{"line":21,"column":28}}],"line":21},"1":{"loc":{"start":{"line":25,"column":2},"end":{"line":25,"column":38}},"type":"if","locations":[{"start":{"line":25,"column":2},"end":{"line":25,"column":38}},{"start":{},"end":{}}],"line":25},"2":{"loc":{"start":{"line":35,"column":39},"end":{"line":35,"column":50}},"type":"default-arg","locations":[{"start":{"line":35,"column":49},"end":{"line":35,"column":50}}],"line":35}},"s":{"0":1,"1":0,"2":1,"3":3,"4":1,"5":1,"6":1,"7":2,"8":2,"9":2,"10":2,"11":1,"12":4,"13":1,"14":3,"15":1,"16":6,"17":1,"18":2,"19":2,"20":1,"21":3,"22":1,"23":2,"24":1,"25":0},"f":{"0":0,"1":3,"2":1,"3":2,"4":4,"5":6,"6":2,"7":2,"8":3,"9":2,"10":0},"b":{"0":[1,1],"1":[1,3],"2":[0]},"_coverageSchema":"1a1c01bbd47fc00a2c39e90264f33305004495a9","hash":"068e5fd29e4f48e7dc9c88cedfdcaca3e7d4f162"}
}
