TN:
SF:src\utils\helpers.js
FN:1,(anonymous_0)
FN:4,(anonymous_1)
FN:10,(anonymous_2)
FN:17,(anonymous_3)
FN:24,(anonymous_4)
FN:29,(anonymous_5)
FN:32,(anonymous_6)
FN:33,(anonymous_7)
FN:35,(anonymous_8)
FN:38,(anonymous_9)
FN:41,(anonymous_10)
FNF:11
FNH:9
FNDA:0,(anonymous_0)
FNDA:3,(anonymous_1)
FNDA:1,(anonymous_2)
FNDA:2,(anonymous_3)
FNDA:4,(anonymous_4)
FNDA:6,(anonymous_5)
FNDA:2,(anonymous_6)
FNDA:2,(anonymous_7)
FNDA:3,(anonymous_8)
FNDA:2,(anonymous_9)
FNDA:0,(anonymous_10)
DA:1,1
DA:2,0
DA:4,1
DA:5,3
DA:10,1
DA:11,1
DA:17,1
DA:18,2
DA:19,2
DA:20,2
DA:21,2
DA:24,1
DA:25,4
DA:26,3
DA:29,1
DA:30,6
DA:32,1
DA:33,2
DA:35,1
DA:36,3
DA:38,1
DA:39,2
DA:41,1
LF:23
LH:22
BRDA:21,0,0,1
BRDA:21,0,1,1
BRDA:25,1,0,1
BRDA:25,1,1,3
BRDA:35,2,0,0
BRF:5
BRH:4
end_of_record
